<?xml version="1.0" encoding="UTF-8"?>
<!-- Generated by org.testng.reporters.JUnitXMLReporter -->
<testsuite ignored="0" hostname="DESKTOP-CB523E7" failures="0" tests="5" name="BaseClass" time="123.271" errors="0" timestamp="2024-01-30T21:42:57 IST">
  <testcase classname="com.inetbanking.testcases.TC_Editcustomer_004" name="checkHeader" time="0.218"/>
  <testcase classname="com.inetbanking.testcases.TC_Editcustomer_004" name="checklogo" time="0.1"/>
  <testcase classname="com.inetbanking.testcases.TC_Editcustomer_004" name="editcustomer" time="94.425"/>
  <testcase classname="com.inetbanking.testcases.TC_Editcustomer_004" name="gettitle" time="0.022"/>
  <testcase classname="com.inetbanking.testcases.TC_Editcustomer_004" name="checktitle" time="0.58"/>
</testsuite> <!-- BaseClass -->
