<?xml version="1.0" encoding="UTF-8"?>
<!-- Generated by org.testng.reporters.JUnitXMLReporter -->
<testsuite ignored="0" hostname="DESKTOP-CB523E7" failures="0" tests="3" name="BaseClass" time="70.456" errors="0" timestamp="2024-02-11T15:17:01 IST">
  <testcase classname="com.inetbanking.testcases.TC_logintest_001" name="logintest" time="41.41"/>
  <testcase classname="com.inetbanking.testcases.TC_logintest_001" name="checktitle" time="0.029"/>
  <testcase classname="com.inetbanking.testcases.TC_logintest_001" name="checklogo" time="0.195"/>
</testsuite> <!-- BaseClass -->
