# JRE version: Java(TM) SE Runtime Environment (12.0+33) (build 12+33)
# Java VM: Java HotSpot(TM) 64-Bit Server VM (12+33, mixed mode, sharing, tiered, compressed oops, g1 gc, windows-amd64)
Heap:
 garbage-first heap   total 51200K, used 34406K [0x0000000083200000, 0x0000000100000000)
  region size 1024K, 19 young (19456K), 2 survivors (2048K)
 Metaspace       used 26682K, capacity 27727K, committed 27952K, reserved 1073152K
  class space    used 3471K, capacity 3881K, committed 3968K, reserved 1048576K
GC Heap History (10 events):
Event: 1.459 GC heap before
{Heap before GC invocations=1 (full 0):
 garbage-first heap   total 129024K, used 10767K [0x0000000083200000, 0x0000000100000000)
  region size 1024K, 7 young (7168K), 2 survivors (2048K)
 Metaspace       used 5908K, capacity 6838K, committed 6912K, reserved 1056768K
  class space    used 660K, capacity 753K, committed 768K, reserved 1048576K
}
Event: 1.464 GC heap after
{Heap after GC invocations=2 (full 0):
 garbage-first heap   total 129024K, used 7033K [0x0000000083200000, 0x0000000100000000)
  region size 1024K, 1 young (1024K), 1 survivors (1024K)
 Metaspace       used 5908K, capacity 6838K, committed 6912K, reserved 1056768K
  class space    used 660K, capacity 753K, committed 768K, reserved 1048576K
}
Event: 2.268 GC heap before
{Heap before GC invocations=2 (full 0):
 garbage-first heap   total 129024K, used 29561K [0x0000000083200000, 0x0000000100000000)
  region size 1024K, 23 young (23552K), 1 survivors (1024K)
 Metaspace       used 9887K, capacity 10396K, committed 10752K, reserved 1058816K
  class space    used 1217K, capacity 1421K, committed 1536K, reserved 1048576K
}
Event: 2.272 GC heap after
{Heap after GC invocations=3 (full 0):
 garbage-first heap   total 129024K, used 8108K [0x0000000083200000, 0x0000000100000000)
  region size 1024K, 2 young (2048K), 2 survivors (2048K)
 Metaspace       used 9887K, capacity 10396K, committed 10752K, reserved 1058816K
  class space    used 1217K, capacity 1421K, committed 1536K, reserved 1048576K
}
Event: 2.783 GC heap before
{Heap before GC invocations=3 (full 0):
 garbage-first heap   total 129024K, used 45996K [0x0000000083200000, 0x0000000100000000)
  region size 1024K, 39 young (39936K), 2 survivors (2048K)
 Metaspace       used 12153K, capacity 12755K, committed 12800K, reserved 1060864K
  class space    used 1570K, capacity 1788K, committed 1792K, reserved 1048576K
}
Event: 2.789 GC heap after
{Heap after GC invocations=4 (full 0):
 garbage-first heap   total 129024K, used 8593K [0x0000000083200000, 0x0000000100000000)
  region size 1024K, 2 young (2048K), 2 survivors (2048K)
 Metaspace       used 12153K, capacity 12755K, committed 12800K, reserved 1060864K
  class space    used 1570K, capacity 1788K, committed 1792K, reserved 1048576K
}
Event: 3.972 GC heap before
{Heap before GC invocations=4 (full 0):
 garbage-first heap   total 129024K, used 52625K [0x0000000083200000, 0x0000000100000000)
  region size 1024K, 46 young (47104K), 2 survivors (2048K)
 Metaspace       used 20551K, capacity 21204K, committed 21296K, reserved 1067008K
  class space    used 2582K, capacity 2870K, committed 2944K, reserved 1048576K
}
Event: 3.987 GC heap after
{Heap after GC invocations=5 (full 0):
 garbage-first heap   total 129024K, used 11827K [0x0000000083200000, 0x0000000100000000)
  region size 1024K, 6 young (6144K), 6 survivors (6144K)
 Metaspace       used 20551K, capacity 21204K, committed 21296K, reserved 1067008K
  class space    used 2582K, capacity 2870K, committed 2944K, reserved 1048576K
}
Event: 5.779 GC heap before
{Heap before GC invocations=6 (full 0):
 garbage-first heap   total 51200K, used 35379K [0x0000000083200000, 0x0000000100000000)
  region size 1024K, 30 young (30720K), 6 survivors (6144K)
 Metaspace       used 24454K, capacity 25392K, committed 25520K, reserved 1071104K
  class space    used 3148K, capacity 3529K, committed 3584K, reserved 1048576K
}
Event: 5.790 GC heap after
{Heap after GC invocations=7 (full 0):
 garbage-first heap   total 51200K, used 12902K [0x0000000083200000, 0x0000000100000000)
  region size 1024K, 2 young (2048K), 2 survivors (2048K)
 Metaspace       used 24454K, capacity 25392K, committed 25520K, reserved 1071104K
  class space    used 3148K, capacity 3529K, committed 3584K, reserved 1048576K
}

