# JRE version: Java(TM) SE Runtime Environment (12.0+33) (build 12+33)
# Java VM: Java HotSpot(TM) 64-Bit Server VM (12+33, mixed mode, sharing, tiered, compressed oops, g1 gc, windows-amd64)
Heap:
 garbage-first heap   total 58368K, used 28347K [0x0000000083200000, 0x0000000100000000)
  region size 1024K, 4 young (4096K), 2 survivors (2048K)
 Metaspace       used 34785K, capacity 35983K, committed 36144K, reserved 1081344K
  class space    used 4380K, capacity 4867K, committed 4992K, reserved 1048576K
GC Heap History (10 events):
Event: 33.161 GC heap before
{Heap before GC invocations=14 (full 0):
 garbage-first heap   total 48128K, used 37735K [0x0000000083200000, 0x0000000100000000)
  region size 1024K, 13 young (13312K), 1 survivors (1024K)
 Metaspace       used 31821K, capacity 32994K, committed 33200K, reserved 1077248K
  class space    used 4049K, capacity 4543K, committed 4608K, reserved 1048576K
}
Event: 33.165 GC heap after
{Heap after GC invocations=15 (full 0):
 garbage-first heap   total 48128K, used 25806K [0x0000000083200000, 0x0000000100000000)
  region size 1024K, 2 young (2048K), 2 survivors (2048K)
 Metaspace       used 31821K, capacity 32994K, committed 33200K, reserved 1077248K
  class space    used 4049K, capacity 4543K, committed 4608K, reserved 1048576K
}
Event: 33.197 GC heap before
{Heap before GC invocations=15 (full 0):
 garbage-first heap   total 48128K, used 38094K [0x0000000083200000, 0x0000000100000000)
  region size 1024K, 14 young (14336K), 2 survivors (2048K)
 Metaspace       used 31821K, capacity 32994K, committed 33200K, reserved 1077248K
  class space    used 4049K, capacity 4543K, committed 4608K, reserved 1048576K
}
Event: 33.202 GC heap after
{Heap after GC invocations=16 (full 0):
 garbage-first heap   total 48128K, used 26228K [0x0000000083200000, 0x0000000100000000)
  region size 1024K, 2 young (2048K), 2 survivors (2048K)
 Metaspace       used 31821K, capacity 32994K, committed 33200K, reserved 1077248K
  class space    used 4049K, capacity 4543K, committed 4608K, reserved 1048576K
}
Event: 33.363 GC heap before
{Heap before GC invocations=17 (full 0):
 garbage-first heap   total 58368K, used 36468K [0x0000000083200000, 0x0000000100000000)
  region size 1024K, 13 young (13312K), 2 survivors (2048K)
 Metaspace       used 32470K, capacity 33596K, committed 33840K, reserved 1079296K
  class space    used 4138K, capacity 4616K, committed 4736K, reserved 1048576K
}
Event: 33.367 GC heap after
{Heap after GC invocations=18 (full 0):
 garbage-first heap   total 58368K, used 26574K [0x0000000083200000, 0x0000000100000000)
  region size 1024K, 2 young (2048K), 2 survivors (2048K)
 Metaspace       used 32470K, capacity 33596K, committed 33840K, reserved 1079296K
  class space    used 4138K, capacity 4616K, committed 4736K, reserved 1048576K
}
Event: 33.989 GC heap before
{Heap before GC invocations=18 (full 0):
 garbage-first heap   total 58368K, used 41934K [0x0000000083200000, 0x0000000100000000)
  region size 1024K, 18 young (18432K), 2 survivors (2048K)
 Metaspace       used 34120K, capacity 35298K, committed 35504K, reserved 1079296K
  class space    used 4337K, capacity 4821K, committed 4864K, reserved 1048576K
}
Event: 33.994 GC heap after
{Heap after GC invocations=19 (full 0):
 garbage-first heap   total 58368K, used 26963K [0x0000000083200000, 0x0000000100000000)
  region size 1024K, 2 young (2048K), 2 survivors (2048K)
 Metaspace       used 34120K, capacity 35298K, committed 35504K, reserved 1079296K
  class space    used 4337K, capacity 4821K, committed 4864K, reserved 1048576K
}
Event: 35.128 GC heap before
{Heap before GC invocations=20 (full 0):
 garbage-first heap   total 58368K, used 44371K [0x0000000083200000, 0x0000000100000000)
  region size 1024K, 19 young (19456K), 2 survivors (2048K)
 Metaspace       used 34753K, capacity 35919K, committed 36144K, reserved 1081344K
  class space    used 4380K, capacity 4867K, committed 4992K, reserved 1048576K
}
Event: 35.133 GC heap after
{Heap after GC invocations=21 (full 0):
 garbage-first heap   total 58368K, used 27323K [0x0000000083200000, 0x0000000100000000)
  region size 1024K, 2 young (2048K), 2 survivors (2048K)
 Metaspace       used 34753K, capacity 35919K, committed 36144K, reserved 1081344K
  class space    used 4380K, capacity 4867K, committed 4992K, reserved 1048576K
}

