<?xml version="1.0" encoding="UTF-8"?>
<testng-results ignored="0" total="1" passed="1" failed="0" skipped="0">
  <reporter-output>
  </reporter-output>
  <suite started-at="2024-01-30T14:05:17 IST" name="Xinetbankingv2" finished-at="2024-01-30T14:06:37 IST" duration-ms="80690">
    <groups>
    </groups>
    <test started-at="2024-01-30T14:05:17 IST" name="BaseClass" finished-at="2024-01-30T14:06:37 IST" duration-ms="80690">
      <class name="com.inetbanking.testcases.TC_logintest_001">
        <test-method is-config="true" signature="setup(java.lang.String)[pri:0, instance:com.inetbanking.testcases.TC_logintest_001@17f9d882]" started-at="2024-01-30T14:05:17 IST" name="setup" finished-at="2024-01-30T14:06:23 IST" duration-ms="65941" status="PASS">
          <params>
            <param index="0">
              <value>
                <![CDATA[chrome]]>
              </value>
            </param>
          </params>
          <reporter-output>
          </reporter-output>
        </test-method> <!-- setup -->
        <test-method signature="logintest()[pri:0, instance:com.inetbanking.testcases.TC_logintest_001@17f9d882]" started-at="2024-01-30T14:06:23 IST" name="logintest" finished-at="2024-01-30T14:06:37 IST" duration-ms="14418" status="PASS">
          <reporter-output>
          </reporter-output>
        </test-method> <!-- logintest -->
        <test-method is-config="true" signature="teardown()[pri:0, instance:com.inetbanking.testcases.TC_logintest_001@17f9d882]" started-at="2024-01-30T14:06:37 IST" name="teardown" finished-at="2024-01-30T14:06:37 IST" duration-ms="1" status="PASS">
          <reporter-output>
          </reporter-output>
        </test-method> <!-- teardown -->
      </class> <!-- com.inetbanking.testcases.TC_logintest_001 -->
    </test> <!-- BaseClass -->
  </suite> <!-- Xinetbankingv2 -->
</testng-results>
