<?xml version="1.0" encoding="UTF-8"?>
<testng-results ignored="0" total="5" passed="5" failed="0" skipped="0">
  <reporter-output>
  </reporter-output>
  <suite started-at="2024-01-30T21:40:54 IST" name="Xinetbankingv2" finished-at="2024-01-30T21:42:57 IST" duration-ms="123271">
    <groups>
    </groups>
    <test started-at="2024-01-30T21:40:54 IST" name="BaseClass" finished-at="2024-01-30T21:42:57 IST" duration-ms="123271">
      <class name="com.inetbanking.testcases.TC_Editcustomer_004">
        <test-method is-config="true" signature="setup(java.lang.String)[pri:0, instance:com.inetbanking.testcases.TC_Editcustomer_004@75d4a5c2]" started-at="2024-01-30T21:40:54 IST" name="setup" finished-at="2024-01-30T21:41:22 IST" duration-ms="27808" status="PASS">
          <params>
            <param index="0">
              <value>
                <![CDATA[chrome]]>
              </value>
            </param>
          </params>
          <reporter-output>
          </reporter-output>
        </test-method> <!-- setup -->
        <test-method signature="checkHeader()[pri:0, instance:com.inetbanking.testcases.TC_Editcustomer_004@75d4a5c2]" started-at="2024-01-30T21:41:22 IST" name="checkHeader" finished-at="2024-01-30T21:41:22 IST" duration-ms="218" status="PASS">
          <reporter-output>
          </reporter-output>
        </test-method> <!-- checkHeader -->
        <test-method signature="checklogo()[pri:0, instance:com.inetbanking.testcases.TC_Editcustomer_004@75d4a5c2]" started-at="2024-01-30T21:41:22 IST" name="checklogo" finished-at="2024-01-30T21:41:22 IST" duration-ms="100" status="PASS">
          <reporter-output>
          </reporter-output>
        </test-method> <!-- checklogo -->
        <test-method signature="editcustomer()[pri:1, instance:com.inetbanking.testcases.TC_Editcustomer_004@75d4a5c2]" started-at="2024-01-30T21:41:22 IST" name="editcustomer" finished-at="2024-01-30T21:42:56 IST" duration-ms="94425" status="PASS">
          <reporter-output>
          </reporter-output>
        </test-method> <!-- editcustomer -->
        <test-method signature="gettitle()[pri:2, instance:com.inetbanking.testcases.TC_Editcustomer_004@75d4a5c2]" started-at="2024-01-30T21:42:56 IST" name="gettitle" finished-at="2024-01-30T21:42:56 IST" duration-ms="22" status="PASS">
          <reporter-output>
          </reporter-output>
        </test-method> <!-- gettitle -->
        <test-method signature="checktitle()[pri:3, instance:com.inetbanking.testcases.TC_Editcustomer_004@75d4a5c2]" started-at="2024-01-30T21:42:56 IST" name="checktitle" finished-at="2024-01-30T21:42:57 IST" duration-ms="580" status="PASS">
          <reporter-output>
          </reporter-output>
        </test-method> <!-- checktitle -->
        <test-method is-config="true" signature="teardown()[pri:0, instance:com.inetbanking.testcases.TC_Editcustomer_004@75d4a5c2]" started-at="2024-01-30T21:42:57 IST" name="teardown" finished-at="2024-01-30T21:42:57 IST" duration-ms="1" status="PASS">
          <reporter-output>
          </reporter-output>
        </test-method> <!-- teardown -->
      </class> <!-- com.inetbanking.testcases.TC_Editcustomer_004 -->
    </test> <!-- BaseClass -->
  </suite> <!-- Xinetbankingv2 -->
</testng-results>
